[    0.000000] Initializing cgroup subsys cpuset
[    0.000000] Initializing cgroup subsys cpu
[    0.000000] Initializing cgroup subsys cpuacct
[    0.000000] Linux version 4.4.0-128-generic (buildd@lcy01-amd64-019) (gcc version 5.4.0 20160609 (Ubuntu 5.4.0-6ubuntu1~16.04.9) ) #154-Ubuntu SMP Fri May 25 14:15:18 UTC 2018 (Ubuntu 4.4.0-128.154-generic 4.4.131)
[    0.000000] Command line: BOOT_IMAGE=/boot/vmlinuz-4.4.0-128-generic root=LABEL=cloudimg-rootfs ro console=tty1 console=ttyS0
[    0.000000] KERNEL supported cpus:
[    0.000000]   Intel GenuineIntel
[    0.000000]   AMD AuthenticAMD
[    0.000000]   Centaur CentaurHauls
[    0.000000] x86/fpu: xstate_offset[2]:  576, xstate_sizes[2]:  256
[    0.000000] x86/fpu: Supporting XSAVE feature 0x01: 'x87 floating point registers'
[    0.000000] x86/fpu: Supporting XSAVE feature 0x02: 'SSE registers'
[    0.000000] x86/fpu: Supporting XSAVE feature 0x04: 'AVX registers'
[    0.000000] x86/fpu: Enabled xstate features 0x7, context size is 832 bytes, using 'standard' format.
[    0.000000] x86/fpu: Using 'lazy' FPU context switches.
[    0.000000] e820: BIOS-provided physical RAM map:
[    0.000000] BIOS-e820: [mem 0x0000000000000000-0x000000000009fbff] usable
[    0.000000] BIOS-e820: [mem 0x000000000009fc00-0x000000000009ffff] reserved
[    0.000000] BIOS-e820: [mem 0x00000000000f0000-0x00000000000fffff] reserved
[    0.000000] BIOS-e820: [mem 0x0000000000100000-0x000000003ffeffff] usable
[    0.000000] BIOS-e820: [mem 0x000000003fff0000-0x000000003fffffff] ACPI data
[    0.000000] BIOS-e820: [mem 0x00000000fec00000-0x00000000fec00fff] reserved
[    0.000000] BIOS-e820: [mem 0x00000000fee00000-0x00000000fee00fff] reserved
[    0.000000] BIOS-e820: [mem 0x00000000fffc0000-0x00000000ffffffff] reserved
[    0.000000] NX (Execute Disable) protection: active
[    0.000000] SMBIOS 2.5 present.
[    0.000000] Hypervisor detected: KVM
[    0.000000] e820: last_pfn = 0x3fff0 max_arch_pfn = 0x400000000
[    0.000000] MTRR: Disabled
[    0.000000] x86/PAT: MTRRs disabled, skipping PAT initialization too.
[    0.000000] CPU MTRRs all blank - virtualized system.
[    0.000000] x86/PAT: Configuration [0-7]: WB  WT  UC- UC  WB  WT  UC- UC  
[    0.000000] found SMP MP-table at [mem 0x0009fff0-0x0009ffff] mapped at [ffff88000009fff0]
[    0.000000] Scanning 1 areas for low memory corruption
[    0.000000] RAMDISK: [mem 0x36aa2000-0x37548fff]
[    0.000000] ACPI: Early table checksum verification disabled
[    0.000000] ACPI: RSDP 0x00000000000E0000 000024 (v02 VBOX  )
[    0.000000] ACPI: XSDT 0x000000003FFF0030 00003C (v01 VBOX   VBOXXSDT 00000001 ASL  00000061)
[    0.000000] ACPI: FACP 0x000000003FFF00F0 0000F4 (v04 VBOX   VBOXFACP 00000001 ASL  00000061)
[    0.000000] ACPI: DSDT 0x000000003FFF0470 0021FF (v02 VBOX   VBOXBIOS 00000002 INTL 20100528)
[    0.000000] ACPI: FACS 0x000000003FFF0200 000040
[    0.000000] ACPI: FACS 0x000000003FFF0200 000040
[    0.000000] ACPI: APIC 0x000000003FFF0240 00005C (v02 VBOX   VBOXAPIC 00000001 ASL  00000061)
[    0.000000] ACPI: SSDT 0x000000003FFF02A0 0001CC (v01 VBOX   VBOXCPUT 00000002 INTL 20100528)
[    0.000000] No NUMA configuration found
[    0.000000] Faking a node at [mem 0x0000000000000000-0x000000003ffeffff]
[    0.000000] NODE_DATA(0) allocated [mem 0x3ffeb000-0x3ffeffff]
[    0.000000] kvm-clock: Using msrs 4b564d01 and 4b564d00
[    0.000000] kvm-clock: cpu 0, msr 0:3ffe3001, primary cpu clock
[    0.000000] kvm-clock: using sched offset of 3255494830 cycles
[    0.000000] clocksource: kvm-clock: mask: 0xffffffffffffffff max_cycles: 0x1cd42e4dffb, max_idle_ns: 881590591483 ns
[    0.000000] Zone ranges:
[    0.000000]   DMA      [mem 0x0000000000001000-0x0000000000ffffff]
[    0.000000]   DMA32    [mem 0x0000000001000000-0x000000003ffeffff]
[    0.000000]   Normal   empty
[    0.000000]   Device   empty
[    0.000000] Movable zone start for each node
[    0.000000] Early memory node ranges
[    0.000000]   node   0: [mem 0x0000000000001000-0x000000000009efff]
[    0.000000]   node   0: [mem 0x0000000000100000-0x000000003ffeffff]
[    0.000000] Initmem setup node 0 [mem 0x0000000000001000-0x000000003ffeffff]
[    0.000000] ACPI: PM-Timer IO Port: 0x4008
[    0.000000] IOAPIC[0]: apic_id 2, version 32, address 0xfec00000, GSI 0-23
[    0.000000] ACPI: INT_SRC_OVR (bus 0 bus_irq 0 global_irq 2 dfl dfl)
[    0.000000] ACPI: INT_SRC_OVR (bus 0 bus_irq 9 global_irq 9 high level)
[    0.000000] Using ACPI (MADT) for SMP configuration information
[    0.000000] smpboot: Allowing 2 CPUs, 0 hotplug CPUs
[    0.000000] PM: Registered nosave memory: [mem 0x00000000-0x00000fff]
[    0.000000] PM: Registered nosave memory: [mem 0x0009f000-0x0009ffff]
[    0.000000] PM: Registered nosave memory: [mem 0x000a0000-0x000effff]
[    0.000000] PM: Registered nosave memory: [mem 0x000f0000-0x000fffff]
[    0.000000] e820: [mem 0x40000000-0xfebfffff] available for PCI devices
[    0.000000] Booting paravirtualized kernel on KVM
[    0.000000] clocksource: refined-jiffies: mask: 0xffffffff max_cycles: 0xffffffff, max_idle_ns: 7645519600211568 ns
[    0.000000] setup_percpu: NR_CPUS:512 nr_cpumask_bits:512 nr_cpu_ids:2 nr_node_ids:1
[    0.000000] PERCPU: Embedded 34 pages/cpu @ffff88003fc00000 s99544 r8192 d31528 u1048576
[    0.000000] PV qspinlock hash table entries: 256 (order: 0, 4096 bytes)
[    0.000000] Built 1 zonelists in Node order, mobility grouping on.  Total pages: 257912
[    0.000000] Policy zone: DMA32
[    0.000000] Kernel command line: BOOT_IMAGE=/boot/vmlinuz-4.4.0-128-generic root=LABEL=cloudimg-rootfs ro console=tty1 console=ttyS0
[    0.000000] PID hash table entries: 4096 (order: 3, 32768 bytes)
[    0.000000] Memory: 1001612K/1048120K available (8541K kernel code, 1313K rwdata, 4000K rodata, 1512K init, 1316K bss, 46508K reserved, 0K cma-reserved)
[    0.000000] SLUB: HWalign=64, Order=0-3, MinObjects=0, CPUs=2, Nodes=1
[    0.000000] Kernel/User page tables isolation: enabled
[    0.000000] Hierarchical RCU implementation.
[    0.000000] 	Build-time adjustment of leaf fanout to 64.
[    0.000000] 	RCU restricting CPUs from NR_CPUS=512 to nr_cpu_ids=2.
[    0.000000] RCU: Adjusting geometry for rcu_fanout_leaf=64, nr_cpu_ids=2
[    0.000000] NR_IRQS:33024 nr_irqs:440 16
[    0.000000] Console: colour VGA+ 80x25
[    0.000000] console [tty1] enabled
[    0.000000] console [ttyS0] enabled
[    0.000000] tsc: Detected 2712.048 MHz processor
[   15.585198] Calibrating delay loop (skipped) preset value.. 5424.09 BogoMIPS (lpj=10848192)
[   15.765133] pid_max: default: 32768 minimum: 301
[   15.877982] ACPI: Core revision 20150930
[   15.974350] ACPI: 2 ACPI AML tables successfully acquired and loaded
[   16.137661] Security Framework initialized
[   16.235476] Yama: becoming mindful.
[   16.337027] AppArmor: AppArmor initialized
[   16.441015] Dentry cache hash table entries: 131072 (order: 8, 1048576 bytes)
[   16.609361] Inode-cache hash table entries: 65536 (order: 7, 524288 bytes)
[   16.772630] Mount-cache hash table entries: 2048 (order: 2, 16384 bytes)
[   16.938000] Mountpoint-cache hash table entries: 2048 (order: 2, 16384 bytes)
[   17.105144] Initializing cgroup subsys io
[   17.201399] Initializing cgroup subsys memory
[   17.288404] Initializing cgroup subsys devices
[   17.387946] Initializing cgroup subsys freezer
[   17.474416] Initializing cgroup subsys net_cls
[   17.576438] Initializing cgroup subsys perf_event
[   17.699446] Initializing cgroup subsys net_prio
[   17.827958] Initializing cgroup subsys hugetlb
[   17.932401] Initializing cgroup subsys pids
[   18.050052] CPU: Physical Processor ID: 0
[   18.164929] CPU: Processor Core ID: 0
[   18.263551] mce: CPU supports 0 MCE banks
[   18.342591] Last level iTLB entries: 4KB 128, 2MB 8, 4MB 8
[   18.453401] Last level dTLB entries: 4KB 64, 2MB 0, 4MB 0, 1GB 4
[   18.639997] Spectre V2 : Mitigation: Full generic retpoline
[   18.792410] Spectre V2 : Speculation control IBPB not-supported IBRS not-supported
[   18.966513] Spectre V2 : Filling RSB on context switch
[   19.116944] Speculative Store Bypass: Vulnerable
[   19.253524] Freeing SMP alternatives memory: 32K
[   19.390198] ftrace: allocating 32236 entries in 126 pages
[   19.591171] smpboot: APIC(0) Converting physical 0 to logical package 0
[   19.755953] smpboot: Max logical packages: 1
[   19.875743] x2apic enabled
[   19.962082] Switched APIC routing to physical x2apic.
[   20.088503] ..TIMER: vector=0x30 apic1=0 pin1=2 apic2=-1 pin2=-1
[   20.380577] smpboot: CPU0: Intel(R) Core(TM) i5-6400 CPU @ 2.70GHz (family: 0x6, model: 0x5e, stepping: 0x3)
[   20.602793] Performance Events: unsupported p6 CPU model 94 no PMU driver, software events only.
[   20.810063] KVM setup paravirtual spinlock
[   20.926068] x86: Booting SMP configuration:
[   21.020354] .... node  #0, CPUs:      #1
[   21.131831] kvm-clock: cpu 1, msr 0:3ffe3041, secondary cpu clock
[   21.328588] mce: CPU supports 0 MCE banks
[   21.450049] x86: Booted up 1 node, 2 CPUs
[   21.522979] smpboot: Total of 2 processors activated (10848.19 BogoMIPS)
[   21.664401] devtmpfs: initialized
[   21.723198] evm: security.selinux
[   21.807842] evm: security.SMACK64
[   21.888394] evm: security.SMACK64EXEC
[   21.989330] evm: security.SMACK64TRANSMUTE
[   22.069337] evm: security.SMACK64MMAP
[   22.158307] evm: security.ima
[   22.230783] evm: security.capability
[   22.344048] clocksource: jiffies: mask: 0xffffffff max_cycles: 0xffffffff, max_idle_ns: 7645041785100000 ns
[   22.573266] futex hash table entries: 512 (order: 3, 32768 bytes)
[   22.718065] pinctrl core: initialized pinctrl subsystem
[   22.844970] RTC time:  0:16:51, date: 07/06/18
[   22.947006] NET: Registered protocol family 16
[   23.056123] cpuidle: using governor ladder
[   23.172124] cpuidle: using governor menu
[   23.261297] PCCT header not found.
[   23.340464] ACPI: bus type PCI registered
[   23.468815] acpiphp: ACPI Hot Plug PCI Controller Driver version: 0.5
[   23.610484] PCI: Using configuration type 1 for base access
[   23.734310] ACPI: Added _OSI(Module Device)
[   23.840813] ACPI: Added _OSI(Processor Device)
[   23.919834] ACPI: Added _OSI(3.0 _SCP Extensions)
[   24.058382] ACPI: Added _OSI(Processor Aggregator Device)
[   24.225541] ACPI: Executed 1 blocks of module-level executable AML code
[   24.381606] ACPI: Interpreter enabled
[   24.460318] ACPI: (supports S0 S5)
[   24.539766] ACPI: Using IOAPIC for interrupt routing
[   24.689478] PCI: Using host bridge windows from ACPI; if necessary, use "pci=nocrs" and report a bug
[   24.944698] ACPI: PCI Root Bridge [PCI0] (domain 0000 [bus 00-ff])
[   25.145300] acpi PNP0A03:00: _OSC: OS supports [ASPM ClockPM Segments MSI]
[   25.353917] acpi PNP0A03:00: _OSC: not requesting OS control; OS requires [ExtendedConfig ASPM ClockPM MSI]
[   25.615627] acpi PNP0A03:00: fail to add MMCONFIG information, can't access extended PCI configuration space under this bridge.
[   25.841495] PCI host bridge to bus 0000:00
[   25.961337] pci_bus 0000:00: root bus resource [io  0x0000-0x0cf7 window]
[   26.163803] pci_bus 0000:00: root bus resource [io  0x0d00-0xffff window]
[   26.304337] pci_bus 0000:00: root bus resource [mem 0x000a0000-0x000bffff window]
[   26.497056] pci_bus 0000:00: root bus resource [mem 0x40000000-0xffdfffff window]
[   26.712060] pci_bus 0000:00: root bus resource [bus 00-ff]
[   26.850933] pci 0000:00:01.1: legacy IDE quirk: reg 0x10: [io  0x01f0-0x01f7]
[   27.019401] pci 0000:00:01.1: legacy IDE quirk: reg 0x14: [io  0x03f6]
[   27.185199] pci 0000:00:01.1: legacy IDE quirk: reg 0x18: [io  0x0170-0x0177]
[   27.366817] pci 0000:00:01.1: legacy IDE quirk: reg 0x1c: [io  0x0376]
[   27.521936] pci 0000:00:07.0: quirk: [io  0x4000-0x403f] claimed by PIIX4 ACPI
[   27.709517] pci 0000:00:07.0: quirk: [io  0x4100-0x410f] claimed by PIIX4 SMB
[   27.906985] ACPI: PCI Interrupt Link [LNKA] (IRQs 5 9 10 *11)
[   28.009942] ACPI: PCI Interrupt Link [LNKB] (IRQs 5 9 10 *11)
[   28.131751] ACPI: PCI Interrupt Link [LNKC] (IRQs 5 9 *10 11)
[   28.274740] ACPI: PCI Interrupt Link [LNKD] (IRQs 5 *9 10 11)
[   28.386852] ACPI: Enabled 2 GPEs in block 00 to 07
[   28.501024] vgaarb: setting as boot device: PCI:0000:00:02.0
[   28.658746] vgaarb: device added: PCI:0000:00:02.0,decodes=io+mem,owns=io+mem,locks=none
[   28.861183] vgaarb: loaded
[   28.921226] vgaarb: bridge control possible 0000:00:02.0
[   29.030263] SCSI subsystem initialized
[   29.136324] ACPI: bus type USB registered
[   29.232419] usbcore: registered new interface driver usbfs
[   29.370731] usbcore: registered new interface driver hub
[   29.531218] usbcore: registered new device driver usb
[   29.676755] PCI: Using ACPI for IRQ routing
[   29.793442] NetLabel: Initializing
[   29.876177] NetLabel:  domain hash size = 128
[   29.970732] NetLabel:  protocols = UNLABELED CIPSOv4
[   30.103249] NetLabel:  unlabeled traffic allowed by default
[   30.254484] amd_nb: Cannot enumerate AMD northbridges
[   30.375735] clocksource: Switched to clocksource kvm-clock
[   30.535347] AppArmor: AppArmor Filesystem Enabled
[   30.672757] pnp: PnP ACPI init
[   30.762877] pnp: PnP ACPI: found 3 devices
[   30.891015] clocksource: acpi_pm: mask: 0xffffff max_cycles: 0xffffff, max_idle_ns: 2085701024 ns
[   31.145102] NET: Registered protocol family 2
[   31.288330] TCP established hash table entries: 8192 (order: 4, 65536 bytes)
[   31.511295] TCP bind hash table entries: 8192 (order: 5, 131072 bytes)
[   31.721212] TCP: Hash tables configured (established 8192 bind 8192)
[   31.881759] UDP hash table entries: 512 (order: 2, 16384 bytes)
[   32.077734] UDP-Lite hash table entries: 512 (order: 2, 16384 bytes)
[   32.244311] NET: Registered protocol family 1
[   32.374653] pci 0000:00:00.0: Limiting direct PCI/PCI transfers
[   32.536240] pci 0000:00:01.0: Activating ISA DMA hang workarounds
[   32.719339] Unpacking initramfs...
[   34.487941] Freeing initrd memory: 10908K
[   34.591283] platform rtc_cmos: registered platform RTC device (no PNP device found)
[   34.808998] Scanning for low memory corruption every 60 seconds
[   34.979952] audit: initializing netlink subsys (disabled)
[   35.130262] audit: type=2000 audit(1530836198.957:1): initialized
[   35.304434] Initialise system trusted keyring
[   35.407734] HugeTLB registered 2 MB page size, pre-allocated 0 pages
[   35.607639] tsc: Refined TSC clocksource calibration: 2710.666 MHz
[   35.798179] clocksource: tsc: mask: 0xffffffffffffffff max_cycles: 0x27129a2233a, max_idle_ns: 440795308820 ns
[   35.799461] zbud: loaded
[   35.799812] VFS: Disk quotas dquot_6.6.0
[   35.799836] VFS: Dquot-cache hash table entries: 512 (order 0, 4096 bytes)
[   35.800023] squashfs: version 4.0 (2009/01/31) Phillip Lougher
[   35.800245] fuse init (API version 7.23)
[   35.800337] Key type big_key registered
[   35.800358] Allocating IMA MOK and blacklist keyrings.
[   35.800525] Key type asymmetric registered
[   35.800528] Asymmetric key parser 'x509' registered
[   35.800552] Block layer SCSI generic (bsg) driver version 0.4 loaded (major 249)
[   35.800572] io scheduler noop registered
[   35.800573] io scheduler deadline registered (default)
[   35.800594] io scheduler cfq registered
[   35.800662] pci_hotplug: PCI Hot Plug PCI Core version: 0.5
[   35.800666] pciehp: PCI Express Hot Plug Controller Driver version: 0.4
[   35.800802] ACPI: AC Adapter [AC] (on-line)
[   35.800844] input: Power Button as /devices/LNXSYSTM:00/LNXPWRBN:00/input/input0
[   35.800846] ACPI: Power Button [PWRF]
[   35.800900] input: Sleep Button as /devices/LNXSYSTM:00/LNXSLPBN:00/input/input1
[   35.800901] ACPI: Sleep Button [SLPF]
[   35.801009] GHES: HEST is not enabled!
[   35.801072] Serial: 8250/16550 driver, 32 ports, IRQ sharing enabled
[   36.112519] 00:02: ttyS0 at I/O 0x3f8 (irq = 4, base_baud = 115200) is a 16550A
[   36.182419] Linux agpgart interface v0.103
[   36.293266] loop: module loaded
[   36.293742] scsi host0: ata_piix
[   36.293788] scsi host1: ata_piix
[   36.293813] ata1: PATA max UDMA/33 cmd 0x1f0 ctl 0x3f6 bmdma 0xd000 irq 14
[   36.293813] ata2: PATA max UDMA/33 cmd 0x170 ctl 0x376 bmdma 0xd008 irq 15
[   36.293870] libphy: Fixed MDIO Bus: probed
[   36.293872] tun: Universal TUN/TAP device driver, 1.6
[   36.293872] tun: (C) 1999-2004 Max Krasnyansky <maxk@qualcomm.com>
[   36.294135] PPP generic driver version 2.4.2
[   36.294204] ehci_hcd: USB 2.0 'Enhanced' Host Controller (EHCI) Driver
[   36.294219] ehci-pci: EHCI PCI platform driver
[   36.294226] ehci-platform: EHCI generic platform driver
[   36.294232] ohci_hcd: USB 1.1 'Open' Host Controller (OHCI) Driver
[   36.294235] ohci-pci: OHCI PCI platform driver
[   36.294241] ohci-platform: OHCI generic platform driver
[   36.294247] uhci_hcd: USB Universal Host Controller Interface driver
[   36.294299] i8042: PNP: PS/2 Controller [PNP0303:PS2K,PNP0f03:PS2M] at 0x60,0x64 irq 1,12
[   36.492890] serio: i8042 KBD port at 0x60,0x64 irq 1
[   36.492896] serio: i8042 AUX port at 0x60,0x64 irq 12
[   36.493009] mousedev: PS/2 mouse device common for all mice
[   36.493318] rtc_cmos rtc_cmos: rtc core: registered rtc_cmos as rtc0
[   36.493396] rtc_cmos rtc_cmos: alarms up to one day, 114 bytes nvram
[   36.493401] i2c /dev entries driver
[   36.493456] device-mapper: uevent: version 1.0.3
[   36.493501] device-mapper: ioctl: 4.34.0-ioctl (2015-10-28) initialised: dm-devel@redhat.com
[   36.493517] ledtrig-cpu: registered to indicate activity on CPUs
[   36.493841] NET: Registered protocol family 10
[   36.493949] NET: Registered protocol family 17
[   36.493960] Key type dns_resolver registered
[   36.494136] registered taskstats version 1
[   36.494152] Loading compiled-in X.509 certificates
[   36.494732] Loaded X.509 cert 'Build time autogenerated kernel key: fc7b57a7df019f2655f66a8a374d74ee8f4999fc'
[   36.494745] zswap: loaded using pool lzo/zbud
[   36.496474] Key type trusted registered
[   36.498873] Key type encrypted registered
[   36.498877] AppArmor: AppArmor sha1 policy hashing enabled
[   36.498880] ima: No TPM chip found, activating TPM-bypass!
[   36.498893] evm: HMAC attrs: 0x1
[   36.499072]   Magic number: 10:172:253
[   36.630580] rtc_cmos rtc_cmos: setting system clock to 2018-07-06 00:17:04 UTC (1530836224)
[   36.630816] BIOS EDD facility v0.16 2004-Jun-25, 0 devices found
[   36.630816] EDD information not available.
[   37.423472] input: AT Translated Set 2 keyboard as /devices/platform/i8042/serio0/input/input2
[   44.955411] Freeing unused kernel memory: 1512K
[   45.056305] Write protecting the kernel read-only data: 14336k
[   45.250919] Freeing unused kernel memory: 1688K
[   45.414157] Freeing unused kernel memory: 96K
Loading, please [   45.581214] random: systemd-udevd: uninitialized urandom read (16 bytes read, 7 bits of entropy available)
wait...
startin[   45.581785] random: udevadm: uninitialized urandom read (16 bytes read, 7 bits of entropy available)
g version 229
[   45.581803] random: udevadm: uninitialized urandom read (16 bytes read, 7 bits of entropy available)
[   45.590675] random: udevadm: uninitialized urandom read (16 bytes read, 7 bits of entropy available)
[   45.590716] random: udevadm: uninitialized urandom read (16 bytes read, 7 bits of entropy available)
[   45.590854] random: udevadm: uninitialized urandom read (16 bytes read, 7 bits of entropy available)
[   45.590906] random: udevadm: uninitialized urandom read (16 bytes read, 7 bits of entropy available)
[   45.590956] random: udevadm: uninitialized urandom read (16 bytes read, 7 bits of entropy available)
[   45.591039] random: udevadm: uninitialized urandom read (16 bytes read, 7 bits of entropy available)
[   45.591103] random: udevadm: uninitialized urandom read (16 bytes read, 7 bits of entropy available)
[   48.452886] e1000: Intel(R) PRO/1000 Network Driver - version 7.3.21-k8-NAPI
[   48.644943] e1000: Copyright (c) 1999-2006 Intel Corporation.
[   48.829926] Fusion MPT base driver 3.04.20
[   48.956840] Copyright (c) 1999-2008 LSI Corporation
[   49.086747] Fusion MPT SPI Host driver 3.04.20
[   49.201332] AVX version of gcm_enc/dec engaged.
[   49.298399] AES CTR mode by8 optimization enabled
[   49.429293] input: ImExPS/2 Generic Explorer Mouse as /devices/platform/i8042/serio1/input/input4
[   49.624107] e1000 0000:00:03.0 eth0: (PCI:33MHz:32-bit) 02:b0:72:86:cc:22
[   49.624109] e1000 0000:00:03.0 eth0: Intel(R) PRO/1000 Network Connection
[   49.868648] e1000 0000:00:03.0 enp0s3: renamed from eth0
[   49.869261] mptbase: ioc0: Initiating bringup
[   49.932699] ioc0: LSI53C1030 A0: Capabilities={Initiator}
[   50.093544] scsi host2: ioc0: LSI53C1030 A0, FwRev=00000000h, Ports=1, MaxQ=256, IRQ=20
[   50.204412] scsi 2:0:0:0: Direct-Access     VBOX     HARDDISK         1.0  PQ: 0 ANSI: 5
[   50.204439] scsi target2:0:0: Beginning Domain Validation
[   50.205005] scsi target2:0:0: Domain Validation skipping write tests
[   50.205006] scsi target2:0:0: Ending Domain Validation
[   50.205035] scsi target2:0:0: asynchronous
[   50.205222] scsi 2:0:1:0: Direct-Access     VBOX     HARDDISK         1.0  PQ: 0 ANSI: 5
[   50.205224] scsi target2:0:1: Beginning Domain Validation
[   50.205770] scsi target2:0:1: Domain Validation skipping write tests
[   50.205771] scsi target2:0:1: Ending Domain Validation
[   50.205799] scsi target2:0:1: asynchronous
[   50.220031] sd 2:0:0:0: Attached scsi generic sg0 type 0
[   50.220226] sd 2:0:0:0: [sda] 20971520 512-byte logical blocks: (10.7 GB/10.0 GiB)
[   50.220613] sd 2:0:1:0: Attached scsi generic sg1 type 0
[   50.220796] sd 2:0:0:0: [sda] Write Protect is off
[   50.220911] sd 2:0:1:0: [sdb] 20480 512-byte logical blocks: (10.5 MB/10.0 MiB)
[   50.220991] sd 2:0:0:0: [sda] Incomplete mode parameter data
[   50.220992] sd 2:0:0:0: [sda] Assuming drive cache: write through
[   50.221117] sd 2:0:1:0: [sdb] Write Protect is off
[   50.221190] sd 2:0:1:0: [sdb] Incomplete mode parameter data
[   50.221191] sd 2:0:1:0: [sdb] Assuming drive cache: write through
[   50.235772]  sda: sda1
[   50.236267] sd 2:0:0:0: [sda] Attached SCSI disk
[   50.251271] sd 2:0:1:0: [sdb] Attached SCSI disk
Begin: Loading e[   56.062406] md: linear personality registered for level -1
ssential drivers[   56.278000] md: multipath personality registered for level -4
 ... [   56.502158] md: raid0 personality registered for level 0
[   56.639100] md: raid1 personality registered for level 1
[   56.887875] raid6: sse2x1   gen()  7823 MB/s
[   57.055881] raid6: sse2x1   xor()  5319 MB/s
[   57.215866] raid6: sse2x2   gen() 10386 MB/s
[   57.367856] raid6: sse2x2   xor()  7022 MB/s
[   57.559870] raid6: sse2x4   gen() 11938 MB/s
[   57.759855] raid6: sse2x4   xor()  7932 MB/s
[   57.846697] raid6: using algorithm sse2x4 gen() 11938 MB/s
[   57.972213] raid6: .... xor() 7932 MB/s, rmw enabled
[   58.084679] raid6: using ssse3x2 recovery algorithm
[   58.177990] xor: automatically using best checksumming function:
[   58.403850]    avx       : 16987.000 MB/sec
[   58.537394] async_tx: api initialized (async)
[   58.642382] md: raid6 personality registered for level 6
[   58.784722] md: raid5 personality registered for level 5
[   58.887189] md: raid4 personality registered for level 4
[   59.004283] md: raid10 personality registered for level 10
done.
Begin: Running /scripts/init-p[   59.135432] Btrfs loaded
remount ... done.
Begin: Mounting root file sys[   59.244205] EXT4-fs (sda1): mounted filesystem with ordered data mode. Opts: (null)
tem ... Begin: Running /scripts/local-top ... done.
Begin: Running /scripts/local-premount ... Scanning for Btrfs filesystems
done.
Warning: fsck not present, so skipping root file system
done.
Begin: Running /scripts/local-bottom ... done.
Begin: Running /scripts/init-bottom ... done.
[   59.795256] random: nonblocking pool is initialized
[   60.020740] systemd[1]: systemd 229 running in system mode. (+PAM +AUDIT +SELINUX +IMA +APPARMOR +SMACK +SYSVINIT +UTMP +LIBCRYPTSETUP +GCRYPT +GNUTLS +ACL +XZ -LZ4 +SECCOMP +BLKID +ELFUTILS +KMOD -IDN)
[   60.580510] systemd[1]: Detected virtualization oracle.
[   60.754579] systemd[1]: Detected architecture x86-64.

Welcome to [1mUbuntu 16.04.4 LTS[0m!

[   60.971882] systemd[1]: Set hostname to <ubuntu-xenial>.
[   61.725049] systemd[1]: Created slice System Slice.
[[0;32m  OK  [0m] Created slice System Slice.
[   61.941698] systemd[1]: Created slice User and Session Slice.
[[0;32m  OK  [0m] Created slice User and Session Slice.
[   62.200546] systemd[1]: Listening on Journal Socket.
[[0;32m  OK  [0m] Listening on Journal Socket.
[   62.336570] systemd[1]: Listening on Syslog Socket.
[[0;32m  OK  [0m] Listening on Syslog Socket.
[   62.572771] systemd[1]: Reached target System Time Synchronized.
[[0;32m  OK  [0m] Reached target System Time Synchronized.
[   62.852514] systemd[1]: Starting Remount Root and Kernel File Systems...
[   62.908779] EXT4-fs (sda1): re-mounted. Opts: (null)
         Starting Remount Root and Kernel File Systems...
[   63.340045] systemd[1]: Starting Load Kernel Modules...
[   63.512267] Loading iSCSI transport class v2.0-870.
         Starting Load Kernel Mo[   63.680660] iscsi: registered transport (tcp)
dules...
[   63.860628] iscsi: registered transport (iser)
[   64.011955] systemd[1]: Starting Create list of required static device nodes for the current kernel...
         Starting Create list of required st... nodes for the current kernel...
[   64.314724] systemd[1]: Listening on Journal Socket (/dev/log).
[[0;32m  OK  [0m] Listening on Journal Socket (/dev/log).
[   64.516375] systemd[1]: Mounting Huge Pages File System...
         Mounting Huge Pages File System...
[   64.772563] systemd[1]: Listening on udev Kernel Socket.
[[0;32m  OK  [0m] Listening on udev Kernel Socket.
[   65.008709] systemd[1]: Reached target User and Group Name Lookups.
[[0;32m  OK  [0m] Reached target User and Group Name Lookups.
[   65.308360] systemd[1]: Mounting POSIX Message Queue File System...
         Mounting POSIX Message Queue File System...
[   65.560505] systemd[1]: Reached target Swap.
[[0;32m  OK  [0m] Reached target Swap.
[   65.771851] systemd[1]: Mounting Debug File System...
         Mounting Debug File System...
[   65.985047] systemd[1]: Created slice system-serial\x2dgetty.slice.
[[0;32m  OK  [0m] Created slice system-serial\x2dgetty.slice.
[   66.269681] systemd[1]: Listening on LVM2 poll daemon socket.
[[0;32m  OK  [0m] Listening on LVM2 poll daemon socket.
[   66.520399] systemd[1]: Listening on udev Control Socket.
[[0;32m  OK  [0m] Listening on udev Control Socket.
[   66.772380] systemd[1]: Starting Nameserver information manager...
         Starting Nameserver information manager...
[   67.032793] systemd[1]: Set up automount Arbitrary Executable File Formats File System Automount Point.
[[0;32m  OK  [0m] Set up automount Arbitrary Executab...ats File System Automount Point.
[   67.390359] systemd[1]: Started Trigger resolvconf update for networkd DNS.
[[0;32m  OK  [0m] Started Trigger resolvconf update for networkd DNS.
[   67.656462] systemd[1]: Reached target Encrypted Volumes.
[[0;32m  OK  [0m] Reached target Encrypted Volumes.
[   67.908590] systemd[1]: Listening on Journal Audit Socket.
[[0;32m  OK  [0m] Listening on Journal Audit Socket.
[   68.148397] systemd[1]: Starting Journal Service...
         Starting Journal Service...
[   68.356475] systemd[1]: Reached target Slices.
[[0;32m  OK  [0m] Reached target Slices.
[   68.567918] systemd[1]: Starting Uncomplicated firewall...
         Starting Uncomplicated firewall...
[   68.712052] systemd[1]: Listening on LVM2 metadata daemon socket.
[[0;32m  OK  [0m] Listening on LVM2 metadata daemon socket.
[   68.984682] systemd[1]: Started Forward Password Requests to Wall Directory Watch.
[[0;32m  OK  [0m] Started Forward Password Requests to Wall Directory Watch.
[   69.328543] systemd[1]: Listening on Device-mapper event daemon FIFOs.
[[0;32m  OK  [0m] Listening on Device-mapper event daemon FIFOs.
[   69.616508] systemd[1]: Listening on /dev/initctl Compatibility Named Pipe.
[[0;32m  OK  [0m] Listening on /dev/initctl Compatibility Named Pipe.
[   69.875919] systemd[1]: Starting Set console keymap...
         Starting Set console keymap...
[   70.092344] systemd[1]: Starting Monitoring of LVM2 mirrors, snapshots etc. using dmeventd or progress polling...
         Starting Monitoring of LVM2 mirrors... dmeventd or progress polling...
[   70.405851] systemd[1]: Mounted Debug File System.
[[0;32m  OK  [0m] Mounted Debug File System.
[   70.544453] systemd[1]: Mounted POSIX Message Queue File System.
[[0;32m  OK  [0m] Mounted POSIX Message Queue File System.
[   70.804389] systemd[1]: Mounted Huge Pages File System.
[[0;32m  OK  [0m] Mounted Huge Pages File System.
[   70.952519] systemd[1]: Started Journal Service.
[[0;32m  OK  [0m] Started Journal Service.
[[0;32m  OK  [0m] Started Remount Root and Kernel File Systems.
[[0;32m  OK  [0m] Started Load Kernel Modules.
[[0;32m  OK  [0m] Started Create list of required sta...ce nodes for the current kernel.
[[0;32m  OK  [0m] Started Uncomplicated firewall.
[[0;32m  OK  [0m] Started Set console keymap.
[[0;32m  OK  [0m] Started Nameserver information manager.
[[0;32m  OK  [0m] Started LVM2 metadata daemon.
         Starting Create Static Device Nodes in /dev...
         Starting Apply Kernel Variables...
         Mounting FUSE Control File System...
         Starting Load/Save Random Seed...
         Starting udev Coldplug all Devices...
         Starting Flush Journal to Persistent Storage...
[[0;32m  OK  [0m] Mounted FUSE Control File System.
[[0;32m  OK  [0m] Started Monitoring of LVM2 mirrors,...ng dmeventd or progress polling.
[[0;32m  OK  [0m] Started Create Static Device Nodes in /dev.
[[0;32m  OK  [0m] Started Apply Kernel Variables.
[[0;32m  OK  [0m] Started Load/Save Random Seed.
         Starting udev Kernel Device Manager...
[[0;32m  OK  [0m] Started Flush Journal to Persistent Storage.
[[0;32m  OK  [0m] Started udev Coldplug all Devices.
[[0;32m  OK  [0m] Started udev Kernel Device Manager.
[[0;32m  OK  [0m] Found device /dev/ttyS0.
[[0;32m  OK  [0m] Reached target Local File Systems (Pre).
[[0;32m  OK  [0m] Reached target Local File Systems.
         Starting Set console font and keymap...
         Starting Tell Plymouth To Write Out Runtime Data...
         Starting Initial cloud-init job (pre-networking)...
         Starting LSB: AppArmor initialization...
[[0;32m  OK  [0m] Started Dispatch Password Requests to Console Directory Watch.
         Starting Create Volatile Files and Directories...
[[0;32m  OK  [0m] Started Set console font and keymap.
[[0;32m  OK  [0m] Started Tell Plymouth To Write Out Runtime Data.
[[0;32m  OK  [0m] Started Create Volatile Files and Directories.
[[0;32m  OK  [0m] Listening on Load/Save RF Kill Switch Status /dev/rfkill Watch.
         Starting Update UTMP about System Boot/Shutdown...
[[0;32m  OK  [0m] Created slice system-getty.slice.
[[0;32m  OK  [0m] Started Update UTMP about System Boot/Shutdown.
[[0;32m  OK  [0m] Started LSB: AppArmor initialization.
[   46.409475] cloud-init[595]: Cloud-init v. 18.2 running 'init-local' at Fri, 06 Jul 2018 00:17:43 +0000. Up 45.75 seconds.
[[0;32m  OK  [0m] Started Initial cloud-init job (pre-networking).
[[0;32m  OK  [0m] Reached target Network (Pre).
         Starting Raise network interfaces...
[[0;32m  OK  [0m] Started ifup for enp0s3.
[[0;32m  OK  [0m] Started Raise network interfaces.
[[0;32m  OK  [0m] Reached target Network.
         Starting Initial cloud-init job (metadata service crawler)...
[   47.987032] cloud-init[986]: Cloud-init v. 18.2 running 'init' at Fri, 06 Jul 2018 00:17:44 +0000. Up 47.35 seconds.
[[0;32m  OK  [0m] Started Initial cloud-init job (metadata service crawler).
[   48.151506] cloud-init[986]: ci-info: +++++++++++++++++++++++++++++++++++++Net device info++++++++++++++++++++++++++++++++++++++
[   48.408646] cloud-init[986]: ci-info: +--------+------+----------------------------+---------------+-------+-------------------+
[   48.573100] cloud-init[986]: ci-info: | Device |  Up  |          Address           |      Mask     | Scope |     Hw-Address    |
[   48.736742] cloud-init[986]: ci-info: +--------+------+----------------------------+---------------+-------+-------------------+
[[0;32m  OK  [0m] Reached target Cloud-config availability.
[[0;32m  OK  [0m] Reached target Network is Online.
[   48.891651] cloud-init[986]: ci-info: | enp0s3 | True |         10.0.2.15          | 255.255.255.0 |   .   | 02:b0:72:86:cc:22 |
         Starting iSCSI initiator daemon (iscsid)...
[[0;32m  OK  [0m] Reached target System Initialization.
[   49.178909] cloud-init[986]: ci-info: | enp0s3 | True | fe80::b0:72ff:fe86:cc22/64 |       .       |  link | 02:b0:72:86:cc:22 |
[   49.484711] cloud-init[986]: ci-info: |   lo   | True |         127.0.0.1          |   255.0.0.0   |   .   |         .         |
[   49.636673] cloud-init[986]: ci-info: |   lo   | True |          ::1/128           |       .       |  host |         .         |
[   49.780569] cloud-init[986]: ci-info: +--------+------+----------------------------+---------------+-------+-------------------+
         [   49.908394] cloud-init[986]: ci-info: +++++++++++++++++++++++++++Route IPv4 info++++++++++++++++++++++++++++
[   49.908495] cloud-init[986]: ci-info: +-------+-------------+----------+---------------+-----------+-------+
[   49.908580] cloud-init[986]: ci-info: | Route | Destination | Gateway  |    Genmask    | Interface | Flags |
[   49.908686] cloud-init[986]: ci-info: +-------+-------------+----------+---------------+-----------+-------+
[   49.908774] cloud-init[986]: ci-info: |   0   |   0.0.0.0   | 10.0.2.2 |    0.0.0.0    |   enp0s3  |   UG  |
[   49.908856] cloud-init[986]: ci-info: |   1   |   10.0.2.0  | 0.0.0.0  | 255.255.255.0 |   enp0s3  |   U   |
[   49.908938] cloud-init[986]: ci-info: +-------+-------------+----------+---------------+-----------+-------+
Starting LXD - unix socket.
[[0;32m  OK  [0m] Listening on D-Bus System Message Bus Socket.
[[0;32m  OK  [0m] Listening on ACPID Listen Socket.
[[0;32m  OK  [0m] Started Daily apt download activities.
[[0;32m  OK  [0m] Started Daily apt upgrade and clean activities.
[[0;32m  OK  [0m] Listening on UUID daemon activation socket.
         Starting Socket activation for snappy daemon.
[[0;32m  OK  [0m] Started Daily Cleanup of Temporary Directories.
[[0;32m  OK  [0m] Reached target Timers.
[[0;32m  OK  [0m] Started ACPI Events Check.
[[0;32m  OK  [0m] Reached target Paths.
[[0;32m  OK  [0m] Listening on LXD - unix socket.
[[0;32m  OK  [0m] Listening on Socket activation for snappy daemon.
[[0;32m  OK  [0m] Started iSCSI initiator daemon (iscsid).
         Starting Login to default iSCSI targets...
[[0;32m  OK  [0m] Reached target Sockets.
[[0;32m  OK  [0m] Reached target Basic System.
         Starting Login Service...
         Starting LXD - container startup/shutdown...
[[0;32m  OK  [0m] Started FUSE filesystem for LXC.
         Starting Accounts Service...
[[0;32m  OK  [0m] Started ACPI event daemon.
[[0;32m  OK  [0m] Started Unattended Upgrades Shutdown.
         Starting /etc/rc.local Compatibility...
[[0;32m  OK  [0m] Started Regular background program processing daemon.
         Starting Virtualbox guest utils...
         Starting LSB: MD monitoring daemon...
[[0;32m  OK  [0m] Started Deferred execution scheduler.
         Starting LSB: Record successful boot for GRUB...
         Starting Apply the settings specified in cloud-config...
         Starting Snappy daemon...
         Starting System Logging Service...
         Starting OpenBSD Secure Shell server...
[[0;32m  OK  [0m] Started D-Bus System Message Bus.
[   53.187376] cloud-init[1086]: Cloud-init v. 18.2 running 'modules:config' at Fri, 06 Jul 2018 00:17:50 +0000. Up 52.84 seconds.
[[0;32m  OK  [0m] Started System Logging Service.
[[0;32m  OK  [0m] Started OpenBSD Secure Shell server.
[[0;32m  OK  [0m] Started LXD - container startup/shutdown.
[[0;32m  OK  [0m] Started /etc/rc.local Compatibility.
[[0;32m  OK  [0m] Started Apply the settings specified in cloud-config.
[[0;32m  OK  [0m] Started Snappy daemon.
[[0;32m  OK  [0m] Started Login to default iSCSI targets.
[[0;32m  OK  [0m] Started LSB: MD monitoring daemon.
[[0;32m  OK  [0m] Started Login Service.
[[0;32m  OK  [0m] Started LSB: Record successful boot for GRUB.
[[0;32m  OK  [0m] Started Virtualbox guest utils.
[[0;32m  OK  [0m] Reached target Remote File Systems (Pre).
[[0;32m  OK  [0m] Reached target Remote File Systems.
         Starting LSB: Set the CPU Frequency Scaling governor to "ondemand"...
         Starting LSB: automatic crash report generation...
         Starting Permit User Sessions...
         Starting LSB: daemon to balance interrupts for SMP systems...
         Starting Authenticate and Authorize Users to Run Privileged Tasks...
         Starting Wait until snapd is fully seeded...
[[0;32m  OK  [0m] Started Permit User Sessions.
[[0;32m  OK  [0m] Started Wait until snapd is fully seeded.
[[0;32m  OK  [0m] Started LSB: Set the CPU Frequency Scaling governor to "ondemand".
[[0;32m  OK  [0m] Started Authenticate and Authorize Users to Run Privileged Tasks.
[[0;32m  OK  [0m] Started LSB: automatic crash report generation.
[[0;32m  OK  [0m] Started LSB: daemon to balance interrupts for SMP systems.
[[0;32m  OK  [0m] Started Accounts Service.
[[0;32m  OK  [0m] Created slice User Slice of vagrant.
         Starting User Manager for UID 1000...
         Starting Hold until boot process finishes up...
         Starting Terminate Plymouth Boot Screen...
[[0;32m  OK  [0m] Started User Manager for UID 1000.
[[0;32m  OK  [0m] Started Hold until boot process finishes up.
[[0;32m  OK  [0m] Started Terminate Plymouth Boot Screen.
[[0;32m  OK  [0m] Started Session 1 of user vagrant.
[[0;32m  OK  [0m] Started Getty on tty1.
         Starting Set console scheme...
[[0;32m  OK  [0m] Started Serial Getty on ttyS0.
[[0;32m  OK  [0m] Reached target Login Prompts.
[[0;32m  OK  [0m] Reached target Multi-User System.
         Starting Execute cloud user/final scripts...
[[0;32m  OK  [0m] Reached target Graphical Interface.
         Starting Update UTMP about System Runlevel Changes...
[[0;32m  OK  [0m] Started Set console scheme.
[[0;32m  OK  [0m] Started Update UTMP about System Runlevel Changes.
[   56.829527] cloud-init[1288]: Cloud-init v. 18.2 running 'modules:final' at Fri, 06 Jul 2018 00:17:53 +0000. Up 56.55 seconds.
[[0;32m  OK  [0m] Started Execute cloud user/final scripts.
[[0;32m  OK  [0m] Reached target Cloud-init target.
[   56.955561] cloud-init[1288]: Cloud-init v. 18.2 finished at Fri, 06 Jul 2018 00:17:54 +0000. Datasource DataSourceNoCloud [seed=/dev/sdb][dsmode=net].  Up 56.82 seconds
         Starting Daily apt download activities...
         Stopping User Manager for UID 1000...
[[0;32m  OK  [0m] Stopped User Manager for UID 1000.
[[0;32m  OK  [0m] Removed slice User Slice of vagrant.

Ubuntu 16.04.4 LTS ubuntu-xenial ttyS0

ubuntu-xenial login: 